[     497ms] [ERROR] Failed to load resource: the server responded with a status of 401 (Unauthorized) @ http://localhost:5173/api/auth/me:0
[  409392ms] [ERROR] Failed to load resource: the server responded with a status of 401 (Unauthorized) @ http://localhost:5173/api/auth/me:0
[  574265ms] [ERROR] Failed to load resource: the server responded with a status of 401 (Unauthorized) @ http://localhost:5173/api/auth/me:0
[  600302ms] [ERROR] Failed to load resource: the server responded with a status of 401 (Unauthorized) @ http://localhost:5173/api/auth/me:0
[  708687ms] [ERROR] Failed to load resource: the server responded with a status of 401 (Unauthorized) @ http://localhost:5173/api/auth/me:0
[  719250ms] [ERROR] Failed to load resource: the server responded with a status of 401 (Unauthorized) @ http://localhost:5173/api/auth/me:0
[  736406ms] [ERROR] Failed to load resource: the server responded with a status of 401 (Unauthorized) @ http://localhost:5173/api/auth/me:0
[  747170ms] [ERROR] Failed to load resource: the server responded with a status of 401 (Unauthorized) @ http://localhost:5173/api/auth/me:0
[  753906ms] [ERROR] Failed to load resource: the server responded with a status of 401 (Unauthorized) @ http://localhost:5173/api/auth/me:0
[  765619ms] [ERROR] Failed to load resource: the server responded with a status of 401 (Unauthorized) @ http://localhost:5173/api/auth/me:0
[  771581ms] [ERROR] Failed to load resource: the server responded with a status of 401 (Unauthorized) @ http://localhost:5173/api/auth/me:0
[  834656ms] [ERROR] Failed to load resource: the server responded with a status of 401 (Unauthorized) @ http://localhost:5173/api/auth/me:0
[ 1000557ms] [ERROR] Failed to load resource: net::ERR_CONNECTION_REFUSED @ http://localhost:5173/:0
[ 1001559ms] [ERROR] Failed to load resource: net::ERR_CONNECTION_REFUSED @ http://localhost:5173/:0
[ 1002561ms] [ERROR] Failed to load resource: net::ERR_CONNECTION_REFUSED @ http://localhost:5173/:0
[ 1003562ms] [ERROR] Failed to load resource: net::ERR_CONNECTION_REFUSED @ http://localhost:5173/:0
[ 1010554ms] [ERROR] Failed to load resource: the server responded with a status of 401 (Unauthorized) @ http://localhost:5173/api/auth/me:0
[ 1205712ms] [ERROR] Failed to load resource: the server responded with a status of 500 (Internal Server Error) @ http://localhost:5173/src/lib/components/AgentRow.svelte:0
[ 1205727ms] [WARNING] The next HMR update will cause the page to reload @ http://localhost:5173/node_modules/@sveltejs/kit/src/runtime/client/client.js?v=e49755fc:3206
[ 1205727ms] [ERROR] TypeError: Failed to fetch dynamically imported module: http://localhost:5173/.svelte-kit/generated/client/nodes/3.js?t=1771863479939 @ http://localhost:5173/@fs/home/nikolas/Documents/CODE/AI/minion_hub/.svelte-kit/generated/client/app.js:44
[ 1234297ms] [ERROR] Failed to load resource: the server responded with a status of 401 (Unauthorized) @ http://localhost:5173/api/auth/me:0
[ 2164339ms] [ERROR] Failed to load resource: the server responded with a status of 401 (Unauthorized) @ http://localhost:5173/api/auth/me:0
[ 3520253ms] [ERROR] Failed to load resource: the server responded with a status of 401 (Unauthorized) @ http://localhost:5173/api/auth/me:0
[ 4308303ms] [WARNING] using deprecated parameters for the initialization function; pass a single object instead @ http://localhost:5173/node_modules/@sveltejs/kit/src/runtime/client/client.js?v=e49755fc:3206
